Determining if the pthread_create exist failed with the following output:
Change Dir: /home/chenhao/catkin_ws/build/CMakeFiles/CMakeTmp

Run Build Command:"/usr/bin/make" "cmTC_ade96/fast"
/usr/bin/make -f CMakeFiles/cmTC_ade96.dir/build.make CMakeFiles/cmTC_ade96.dir/build
make[1]: Entering directory '/home/chenhao/catkin_ws/build/CMakeFiles/CMakeTmp'
Building C object CMakeFiles/cmTC_ade96.dir/CheckSymbolExists.c.o
/usr/bin/cc     -o CMakeFiles/cmTC_ade96.dir/CheckSymbolExists.c.o   -c /home/chenhao/catkin_ws/build/CMakeFiles/CMakeTmp/CheckSymbolExists.c
Linking C executable cmTC_ade96
/usr/bin/cmake -E cmake_link_script CMakeFiles/cmTC_ade96.dir/link.txt --verbose=1
/usr/bin/cc       CMakeFiles/cmTC_ade96.dir/CheckSymbolExists.c.o  -o cmTC_ade96 -rdynamic 
CMakeFiles/cmTC_ade96.dir/CheckSymbolExists.c.o：在函数‘main’中：
CheckSymbolExists.c:(.text+0x16)：对‘pthread_create’未定义的引用
collect2: error: ld returned 1 exit status
CMakeFiles/cmTC_ade96.dir/build.make:97: recipe for target 'cmTC_ade96' failed
make[1]: *** [cmTC_ade96] Error 1
make[1]: Leaving directory '/home/chenhao/catkin_ws/build/CMakeFiles/CMakeTmp'
Makefile:126: recipe for target 'cmTC_ade96/fast' failed
make: *** [cmTC_ade96/fast] Error 2

File /home/chenhao/catkin_ws/build/CMakeFiles/CMakeTmp/CheckSymbolExists.c:
/* */
#include <pthread.h>

int main(int argc, char** argv)
{
  (void)argv;
#ifndef pthread_create
  return ((int*)(&pthread_create))[argc];
#else
  (void)argc;
  return 0;
#endif
}

Determining if the function pthread_create exists in the pthreads failed with the following output:
Change Dir: /home/chenhao/catkin_ws/build/CMakeFiles/CMakeTmp

Run Build Command:"/usr/bin/make" "cmTC_76b25/fast"
/usr/bin/make -f CMakeFiles/cmTC_76b25.dir/build.make CMakeFiles/cmTC_76b25.dir/build
make[1]: Entering directory '/home/chenhao/catkin_ws/build/CMakeFiles/CMakeTmp'
Building C object CMakeFiles/cmTC_76b25.dir/CheckFunctionExists.c.o
/usr/bin/cc    -DCHECK_FUNCTION_EXISTS=pthread_create   -o CMakeFiles/cmTC_76b25.dir/CheckFunctionExists.c.o   -c /usr/share/cmake-3.5/Modules/CheckFunctionExists.c
Linking C executable cmTC_76b25
/usr/bin/cmake -E cmake_link_script CMakeFiles/cmTC_76b25.dir/link.txt --verbose=1
/usr/bin/cc   -DCHECK_FUNCTION_EXISTS=pthread_create    CMakeFiles/cmTC_76b25.dir/CheckFunctionExists.c.o  -o cmTC_76b25 -rdynamic -lpthreads 
/usr/bin/ld: 找不到 -lpthreads
collect2: error: ld returned 1 exit status
CMakeFiles/cmTC_76b25.dir/build.make:97: recipe for target 'cmTC_76b25' failed
make[1]: *** [cmTC_76b25] Error 1
make[1]: Leaving directory '/home/chenhao/catkin_ws/build/CMakeFiles/CMakeTmp'
Makefile:126: recipe for target 'cmTC_76b25/fast' failed
make: *** [cmTC_76b25/fast] Error 2


Determining if the Q_WS_WIN exist failed with the following output:
Change Dir: /home/chenhao/catkin_ws/build/CMakeFiles/CMakeTmp

Run Build Command:"/usr/bin/make" "cmTC_08bc8/fast"
/usr/bin/make -f CMakeFiles/cmTC_08bc8.dir/build.make CMakeFiles/cmTC_08bc8.dir/build
make[1]: Entering directory '/home/chenhao/catkin_ws/build/CMakeFiles/CMakeTmp'
Building CXX object CMakeFiles/cmTC_08bc8.dir/CheckSymbolExists.cxx.o
/usr/bin/c++    -I/usr/include/qt4   -o CMakeFiles/cmTC_08bc8.dir/CheckSymbolExists.cxx.o -c /home/chenhao/catkin_ws/build/CMakeFiles/CMakeTmp/CheckSymbolExists.cxx
/home/chenhao/catkin_ws/build/CMakeFiles/CMakeTmp/CheckSymbolExists.cxx: In function ‘int main(int, char**)’:
/home/chenhao/catkin_ws/build/CMakeFiles/CMakeTmp/CheckSymbolExists.cxx:8:19: error: ‘Q_WS_WIN’ was not declared in this scope
   return ((int*)(&Q_WS_WIN))[argc];
                   ^
CMakeFiles/cmTC_08bc8.dir/build.make:65: recipe for target 'CMakeFiles/cmTC_08bc8.dir/CheckSymbolExists.cxx.o' failed
make[1]: *** [CMakeFiles/cmTC_08bc8.dir/CheckSymbolExists.cxx.o] Error 1
make[1]: Leaving directory '/home/chenhao/catkin_ws/build/CMakeFiles/CMakeTmp'
Makefile:126: recipe for target 'cmTC_08bc8/fast' failed
make: *** [cmTC_08bc8/fast] Error 2

File /home/chenhao/catkin_ws/build/CMakeFiles/CMakeTmp/CheckSymbolExists.cxx:
/* */
#include <QtCore/qglobal.h>

int main(int argc, char** argv)
{
  (void)argv;
#ifndef Q_WS_WIN
  return ((int*)(&Q_WS_WIN))[argc];
#else
  (void)argc;
  return 0;
#endif
}

Determining if the Q_WS_QWS exist failed with the following output:
Change Dir: /home/chenhao/catkin_ws/build/CMakeFiles/CMakeTmp

Run Build Command:"/usr/bin/make" "cmTC_7df9c/fast"
/usr/bin/make -f CMakeFiles/cmTC_7df9c.dir/build.make CMakeFiles/cmTC_7df9c.dir/build
make[1]: Entering directory '/home/chenhao/catkin_ws/build/CMakeFiles/CMakeTmp'
Building CXX object CMakeFiles/cmTC_7df9c.dir/CheckSymbolExists.cxx.o
/usr/bin/c++    -I/usr/include/qt4   -o CMakeFiles/cmTC_7df9c.dir/CheckSymbolExists.cxx.o -c /home/chenhao/catkin_ws/build/CMakeFiles/CMakeTmp/CheckSymbolExists.cxx
/home/chenhao/catkin_ws/build/CMakeFiles/CMakeTmp/CheckSymbolExists.cxx: In function ‘int main(int, char**)’:
/home/chenhao/catkin_ws/build/CMakeFiles/CMakeTmp/CheckSymbolExists.cxx:8:19: error: ‘Q_WS_QWS’ was not declared in this scope
   return ((int*)(&Q_WS_QWS))[argc];
                   ^
CMakeFiles/cmTC_7df9c.dir/build.make:65: recipe for target 'CMakeFiles/cmTC_7df9c.dir/CheckSymbolExists.cxx.o' failed
make[1]: *** [CMakeFiles/cmTC_7df9c.dir/CheckSymbolExists.cxx.o] Error 1
make[1]: Leaving directory '/home/chenhao/catkin_ws/build/CMakeFiles/CMakeTmp'
Makefile:126: recipe for target 'cmTC_7df9c/fast' failed
make: *** [cmTC_7df9c/fast] Error 2

File /home/chenhao/catkin_ws/build/CMakeFiles/CMakeTmp/CheckSymbolExists.cxx:
/* */
#include <QtCore/qglobal.h>

int main(int argc, char** argv)
{
  (void)argv;
#ifndef Q_WS_QWS
  return ((int*)(&Q_WS_QWS))[argc];
#else
  (void)argc;
  return 0;
#endif
}

Determining if the Q_WS_MAC exist failed with the following output:
Change Dir: /home/chenhao/catkin_ws/build/CMakeFiles/CMakeTmp

Run Build Command:"/usr/bin/make" "cmTC_914c2/fast"
/usr/bin/make -f CMakeFiles/cmTC_914c2.dir/build.make CMakeFiles/cmTC_914c2.dir/build
make[1]: Entering directory '/home/chenhao/catkin_ws/build/CMakeFiles/CMakeTmp'
Building CXX object CMakeFiles/cmTC_914c2.dir/CheckSymbolExists.cxx.o
/usr/bin/c++    -I/usr/include/qt4   -o CMakeFiles/cmTC_914c2.dir/CheckSymbolExists.cxx.o -c /home/chenhao/catkin_ws/build/CMakeFiles/CMakeTmp/CheckSymbolExists.cxx
/home/chenhao/catkin_ws/build/CMakeFiles/CMakeTmp/CheckSymbolExists.cxx: In function ‘int main(int, char**)’:
/home/chenhao/catkin_ws/build/CMakeFiles/CMakeTmp/CheckSymbolExists.cxx:8:19: error: ‘Q_WS_MAC’ was not declared in this scope
   return ((int*)(&Q_WS_MAC))[argc];
                   ^
CMakeFiles/cmTC_914c2.dir/build.make:65: recipe for target 'CMakeFiles/cmTC_914c2.dir/CheckSymbolExists.cxx.o' failed
make[1]: *** [CMakeFiles/cmTC_914c2.dir/CheckSymbolExists.cxx.o] Error 1
make[1]: Leaving directory '/home/chenhao/catkin_ws/build/CMakeFiles/CMakeTmp'
Makefile:126: recipe for target 'cmTC_914c2/fast' failed
make: *** [cmTC_914c2/fast] Error 2

File /home/chenhao/catkin_ws/build/CMakeFiles/CMakeTmp/CheckSymbolExists.cxx:
/* */
#include <QtCore/qglobal.h>

int main(int argc, char** argv)
{
  (void)argv;
#ifndef Q_WS_MAC
  return ((int*)(&Q_WS_MAC))[argc];
#else
  (void)argc;
  return 0;
#endif
}

